
----
SOME ERROR: Unable to send payout (commission) to listing owner `User ID: (1)` because the PayPal Payout email address is not a valid email. Provided PayPal Payout Email address is ``
DATE: 17-05-2024 09:45:57
----

----
SOME ERROR: Unable to send payout (commission) to listing owner `User ID: (1)` because the PayPal Payout email address is not a valid email. Provided PayPal Payout Email address is ``
DATE: 17-05-2024 20:36:47
----

----
SOME ERROR: Unable to send payout (commission) to listing owner `User ID: (1)` because the PayPal Payout email address is not a valid email. Provided PayPal Payout Email address is ``
DATE: 18-05-2024 12:55:51
----

----
SOME ERROR: Unable to send payout (commission) to listing owner `User ID: (1)` because the PayPal Payout email address is not a valid email. Provided PayPal Payout Email address is ``
DATE: 19-05-2024 14:52:47
----

----
SOME ERROR: Unable to send payout (commission) to listing owner `User ID: (1)` because the PayPal Payout email address is not a valid email. Provided PayPal Payout Email address is ``
DATE: 19-05-2024 15:34:00
----

----
SOME ERROR: Unable to send payout (commission) to listing owner `User ID: (1)` because the PayPal Payout email address is not a valid email. Provided PayPal Payout Email address is ``
DATE: 20-05-2024 03:59:28
----

----
SOME ERROR: Unable to send payout (commission) to listing owner `User ID: (1)` because the PayPal Payout email address is not a valid email. Provided PayPal Payout Email address is ``
DATE: 20-05-2024 09:39:51
----

----
SOME ERROR: Unable to send payout (commission) to listing owner `User ID: (1)` because the PayPal Payout email address is not a valid email. Provided PayPal Payout Email address is ``
DATE: 20-05-2024 12:23:36
----

----
SOME ERROR: Unable to send payout (commission) to listing owner `User ID: (1)` because the PayPal Payout email address is not a valid email. Provided PayPal Payout Email address is ``
DATE: 20-05-2024 13:28:21
----

----
SOME ERROR: Unable to send payout (commission) to listing owner `User ID: (1)` because the PayPal Payout email address is not a valid email. Provided PayPal Payout Email address is ``
DATE: 21-05-2024 09:35:19
----

----
SOME ERROR: Unable to send payout (commission) to listing owner `User ID: ()` because the PayPal Payout email address is not a valid email. Provided PayPal Payout Email address is ``
DATE: 21-05-2024 19:45:47
----

----
SOME ERROR: Unable to send payout (commission) to listing owner `User ID: ()` because the PayPal Payout email address is not a valid email. Provided PayPal Payout Email address is ``
DATE: 21-05-2024 20:24:01
----

----
SOME ERROR: Unable to send payout (commission) to listing owner `User ID: (1)` because the PayPal Payout email address is not a valid email. Provided PayPal Payout Email address is ``
DATE: 21-05-2024 21:18:50
----

----
SOME ERROR: Unable to send payout (commission) to listing owner `User ID: (1)` because the PayPal Payout email address is not a valid email. Provided PayPal Payout Email address is ``
DATE: 22-05-2024 06:03:56
----

----
SOME ERROR: Unable to send payout (commission) to listing owner `User ID: (1)` because the PayPal Payout email address is not a valid email. Provided PayPal Payout Email address is ``
DATE: 22-05-2024 16:06:51
----

----
SOME ERROR: Unable to send payout (commission) to listing owner `User ID: (1)` because the PayPal Payout email address is not a valid email. Provided PayPal Payout Email address is ``
DATE: 23-05-2024 05:37:42
----

----
SOME ERROR: Unable to send payout (commission) to listing owner `User ID: (1)` because the PayPal Payout email address is not a valid email. Provided PayPal Payout Email address is ``
DATE: 23-05-2024 11:05:18
----

----
SOME ERROR: Unable to send payout (commission) to listing owner `User ID: (1)` because the PayPal Payout email address is not a valid email. Provided PayPal Payout Email address is ``
DATE: 23-05-2024 14:05:25
----

----
SOME ERROR: Unable to send payout (commission) to listing owner `User ID: (1)` because the PayPal Payout email address is not a valid email. Provided PayPal Payout Email address is ``
DATE: 24-05-2024 11:02:41
----

----
SOME ERROR: Unable to send payout (commission) to listing owner `User ID: (1)` because the PayPal Payout email address is not a valid email. Provided PayPal Payout Email address is ``
DATE: 24-05-2024 18:49:48
----

----
SOME ERROR: Unable to send payout (commission) to listing owner `User ID: (1)` because the PayPal Payout email address is not a valid email. Provided PayPal Payout Email address is ``
DATE: 24-05-2024 23:50:39
----

----
SOME ERROR: Unable to send payout (commission) to listing owner `User ID: (1)` because the PayPal Payout email address is not a valid email. Provided PayPal Payout Email address is ``
DATE: 25-05-2024 02:47:38
----

----
SOME ERROR: Unable to send payout (commission) to listing owner `User ID: (1)` because the PayPal Payout email address is not a valid email. Provided PayPal Payout Email address is ``
DATE: 27-05-2024 09:59:03
----

----
SOME ERROR: Unable to send payout (commission) to listing owner `User ID: (1)` because the PayPal Payout email address is not a valid email. Provided PayPal Payout Email address is ``
DATE: 27-05-2024 20:03:40
----

----
SOME ERROR: Unable to send payout (commission) to listing owner `User ID: (1)` because the PayPal Payout email address is not a valid email. Provided PayPal Payout Email address is ``
DATE: 28-05-2024 05:18:52
----

----
SOME ERROR: Unable to send payout (commission) to listing owner `User ID: (1)` because the PayPal Payout email address is not a valid email. Provided PayPal Payout Email address is ``
DATE: 28-05-2024 09:32:24
----

----
SOME ERROR: Unable to send payout (commission) to listing owner `User ID: (1)` because the PayPal Payout email address is not a valid email. Provided PayPal Payout Email address is ``
DATE: 28-05-2024 10:36:21
----

----
SOME ERROR: Unable to send payout (commission) to listing owner `User ID: (1)` because the PayPal Payout email address is not a valid email. Provided PayPal Payout Email address is ``
DATE: 28-05-2024 11:07:49
----

----
SOME ERROR: Unable to send payout (commission) to listing owner `User ID: (1)` because the PayPal Payout email address is not a valid email. Provided PayPal Payout Email address is ``
DATE: 28-05-2024 17:42:29
----

----
SOME ERROR: Unable to send payout (commission) to listing owner `User ID: (1)` because the PayPal Payout email address is not a valid email. Provided PayPal Payout Email address is ``
DATE: 28-05-2024 19:05:28
----

----
SOME ERROR: Unable to send payout (commission) to listing owner `User ID: (1)` because the PayPal Payout email address is not a valid email. Provided PayPal Payout Email address is ``
DATE: 28-05-2024 22:06:11
----

----
SOME ERROR: Unable to send payout (commission) to listing owner `User ID: (1)` because the PayPal Payout email address is not a valid email. Provided PayPal Payout Email address is ``
DATE: 29-05-2024 10:52:54
----

----
SOME ERROR: Unable to send payout (commission) to listing owner `User ID: (1)` because the PayPal Payout email address is not a valid email. Provided PayPal Payout Email address is ``
DATE: 29-05-2024 19:42:46
----

----
SOME ERROR: Unable to send payout (commission) to listing owner `User ID: (1)` because the PayPal Payout email address is not a valid email. Provided PayPal Payout Email address is ``
DATE: 30-05-2024 05:58:29
----

----
SOME ERROR: Unable to send payout (commission) to listing owner `User ID: (1)` because the PayPal Payout email address is not a valid email. Provided PayPal Payout Email address is ``
DATE: 01-06-2024 06:48:53
----

----
SOME ERROR: Unable to send payout (commission) to listing owner `User ID: (1)` because the PayPal Payout email address is not a valid email. Provided PayPal Payout Email address is ``
DATE: 01-06-2024 22:22:06
----

----
SOME ERROR: Unable to send payout (commission) to listing owner `User ID: (1)` because the PayPal Payout email address is not a valid email. Provided PayPal Payout Email address is ``
DATE: 02-06-2024 16:09:51
----

----
SOME ERROR: Unable to send payout (commission) to listing owner `User ID: (1)` because the PayPal Payout email address is not a valid email. Provided PayPal Payout Email address is ``
DATE: 02-06-2024 16:32:04
----

----
SOME ERROR: Unable to send payout (commission) to listing owner `User ID: (1)` because the PayPal Payout email address is not a valid email. Provided PayPal Payout Email address is ``
DATE: 03-06-2024 09:37:46
----

----
SOME ERROR: Unable to send payout (commission) to listing owner `User ID: (1)` because the PayPal Payout email address is not a valid email. Provided PayPal Payout Email address is ``
DATE: 03-06-2024 10:15:14
----

----
SOME ERROR: Unable to send payout (commission) to listing owner `User ID: (1)` because the PayPal Payout email address is not a valid email. Provided PayPal Payout Email address is ``
DATE: 03-06-2024 10:15:59
----

----
SOME ERROR: Unable to send payout (commission) to listing owner `User ID: (1)` because the PayPal Payout email address is not a valid email. Provided PayPal Payout Email address is ``
DATE: 03-06-2024 20:23:54
----

----
SOME ERROR: Unable to send payout (commission) to listing owner `User ID: (1)` because the PayPal Payout email address is not a valid email. Provided PayPal Payout Email address is ``
DATE: 04-06-2024 00:22:08
----

----
SOME ERROR: Unable to send payout (commission) to listing owner `User ID: (1)` because the PayPal Payout email address is not a valid email. Provided PayPal Payout Email address is ``
DATE: 04-06-2024 07:20:33
----

----
SOME ERROR: Unable to send payout (commission) to listing owner `User ID: (1)` because the PayPal Payout email address is not a valid email. Provided PayPal Payout Email address is ``
DATE: 04-06-2024 19:16:40
----

----
SOME ERROR: Unable to send payout (commission) to listing owner `User ID: (1)` because the PayPal Payout email address is not a valid email. Provided PayPal Payout Email address is ``
DATE: 04-06-2024 19:36:14
----

----
SOME ERROR: Unable to send payout (commission) to listing owner `User ID: (1)` because the PayPal Payout email address is not a valid email. Provided PayPal Payout Email address is ``
DATE: 05-06-2024 09:28:33
----

----
SOME ERROR: Unable to send payout (commission) to listing owner `User ID: (1)` because the PayPal Payout email address is not a valid email. Provided PayPal Payout Email address is ``
DATE: 05-06-2024 10:03:52
----

----
SOME ERROR: Unable to send payout (commission) to listing owner `User ID: (1)` because the PayPal Payout email address is not a valid email. Provided PayPal Payout Email address is ``
DATE: 05-06-2024 16:57:28
----

----
SOME ERROR: Unable to send payout (commission) to listing owner `User ID: (1)` because the PayPal Payout email address is not a valid email. Provided PayPal Payout Email address is ``
DATE: 05-06-2024 20:21:49
----

----
SOME ERROR: Unable to send payout (commission) to listing owner `User ID: (1)` because the PayPal Payout email address is not a valid email. Provided PayPal Payout Email address is ``
DATE: 05-06-2024 20:27:33
----

----
SOME ERROR: Unable to send payout (commission) to listing owner `User ID: (1)` because the PayPal Payout email address is not a valid email. Provided PayPal Payout Email address is ``
DATE: 05-06-2024 20:39:37
----

----
SOME ERROR: Unable to send payout (commission) to listing owner `User ID: (1)` because the PayPal Payout email address is not a valid email. Provided PayPal Payout Email address is ``
DATE: 06-06-2024 08:35:19
----

----
SOME ERROR: Unable to send payout (commission) to listing owner `User ID: ()` because the PayPal Payout email address is not a valid email. Provided PayPal Payout Email address is ``
DATE: 06-06-2024 11:02:27
----

----
SOME ERROR: Unable to send payout (commission) to listing owner `User ID: ()` because the PayPal Payout email address is not a valid email. Provided PayPal Payout Email address is ``
DATE: 06-06-2024 11:04:11
----

----
SOME ERROR: Unable to send payout (commission) to listing owner `User ID: ()` because the PayPal Payout email address is not a valid email. Provided PayPal Payout Email address is ``
DATE: 06-06-2024 11:04:46
----

----
SOME ERROR: Unable to send payout (commission) to listing owner `User ID: ()` because the PayPal Payout email address is not a valid email. Provided PayPal Payout Email address is ``
DATE: 06-06-2024 11:05:36
----

----
SOME ERROR: Unable to send payout (commission) to listing owner `User ID: ()` because the PayPal Payout email address is not a valid email. Provided PayPal Payout Email address is ``
DATE: 06-06-2024 11:06:35
----

----
SOME ERROR: Unable to send payout (commission) to listing owner `User ID: (1)` because the PayPal Payout email address is not a valid email. Provided PayPal Payout Email address is ``
DATE: 06-06-2024 12:28:43
----

----
SOME ERROR: Unable to send payout (commission) to listing owner `User ID: (1)` because the PayPal Payout email address is not a valid email. Provided PayPal Payout Email address is ``
DATE: 06-06-2024 18:08:29
----

----
SOME ERROR: Unable to send payout (commission) to listing owner `User ID: (1)` because the PayPal Payout email address is not a valid email. Provided PayPal Payout Email address is ``
DATE: 06-06-2024 18:48:02
----

----
SOME ERROR: Unable to send payout (commission) to listing owner `User ID: (1)` because the PayPal Payout email address is not a valid email. Provided PayPal Payout Email address is ``
DATE: 07-06-2024 06:09:28
----

----
SOME ERROR: Unable to send payout (commission) to listing owner `User ID: (1)` because the PayPal Payout email address is not a valid email. Provided PayPal Payout Email address is ``
DATE: 07-06-2024 07:52:58
----

----
SOME ERROR: Unable to send payout (commission) to listing owner `User ID: (1)` because the PayPal Payout email address is not a valid email. Provided PayPal Payout Email address is ``
DATE: 07-06-2024 07:55:47
----

----
SOME ERROR: Unable to send payout (commission) to listing owner `User ID: (1)` because the PayPal Payout email address is not a valid email. Provided PayPal Payout Email address is ``
DATE: 07-06-2024 09:49:43
----

----
SOME ERROR: Unable to send payout (commission) to listing owner `User ID: ()` because the PayPal Payout email address is not a valid email. Provided PayPal Payout Email address is ``
DATE: 07-06-2024 15:39:14
----

----
SOME ERROR: Unable to send payout (commission) to listing owner `User ID: (1)` because the PayPal Payout email address is not a valid email. Provided PayPal Payout Email address is ``
DATE: 07-06-2024 18:52:34
----

----
SOME ERROR: Unable to send payout (commission) to listing owner `User ID: ()` because the PayPal Payout email address is not a valid email. Provided PayPal Payout Email address is ``
DATE: 07-06-2024 19:16:05
----

----
SOME ERROR: Unable to send payout (commission) to listing owner `User ID: ()` because the PayPal Payout email address is not a valid email. Provided PayPal Payout Email address is ``
DATE: 07-06-2024 19:16:22
----

----
SOME ERROR: Unable to send payout (commission) to listing owner `User ID: ()` because the PayPal Payout email address is not a valid email. Provided PayPal Payout Email address is ``
DATE: 07-06-2024 19:16:44
----

----
SOME ERROR: Unable to send payout (commission) to listing owner `User ID: ()` because the PayPal Payout email address is not a valid email. Provided PayPal Payout Email address is ``
DATE: 07-06-2024 19:17:05
----

----
SOME ERROR: Unable to send payout (commission) to listing owner `User ID: ()` because the PayPal Payout email address is not a valid email. Provided PayPal Payout Email address is ``
DATE: 07-06-2024 19:17:37
----

----
SOME ERROR: Unable to send payout (commission) to listing owner `User ID: ()` because the PayPal Payout email address is not a valid email. Provided PayPal Payout Email address is ``
DATE: 07-06-2024 19:17:54
----

----
SOME ERROR: Unable to send payout (commission) to listing owner `User ID: ()` because the PayPal Payout email address is not a valid email. Provided PayPal Payout Email address is ``
DATE: 07-06-2024 19:18:24
----

----
SOME ERROR: Unable to send payout (commission) to listing owner `User ID: ()` because the PayPal Payout email address is not a valid email. Provided PayPal Payout Email address is ``
DATE: 07-06-2024 19:19:21
----

----
SOME ERROR: Unable to send payout (commission) to listing owner `User ID: ()` because the PayPal Payout email address is not a valid email. Provided PayPal Payout Email address is ``
DATE: 07-06-2024 19:20:23
----

----
SOME ERROR: Unable to send payout (commission) to listing owner `User ID: ()` because the PayPal Payout email address is not a valid email. Provided PayPal Payout Email address is ``
DATE: 07-06-2024 19:20:41
----

----
SOME ERROR: Unable to send payout (commission) to listing owner `User ID: ()` because the PayPal Payout email address is not a valid email. Provided PayPal Payout Email address is ``
DATE: 07-06-2024 19:20:57
----

----
SOME ERROR: Unable to send payout (commission) to listing owner `User ID: ()` because the PayPal Payout email address is not a valid email. Provided PayPal Payout Email address is ``
DATE: 07-06-2024 19:21:16
----

----
SOME ERROR: Unable to send payout (commission) to listing owner `User ID: ()` because the PayPal Payout email address is not a valid email. Provided PayPal Payout Email address is ``
DATE: 07-06-2024 19:21:57
----

----
SOME ERROR: Unable to send payout (commission) to listing owner `User ID: ()` because the PayPal Payout email address is not a valid email. Provided PayPal Payout Email address is ``
DATE: 07-06-2024 19:22:15
----

----
SOME ERROR: Unable to send payout (commission) to listing owner `User ID: ()` because the PayPal Payout email address is not a valid email. Provided PayPal Payout Email address is ``
DATE: 07-06-2024 19:22:34
----

----
SOME ERROR: Unable to send payout (commission) to listing owner `User ID: ()` because the PayPal Payout email address is not a valid email. Provided PayPal Payout Email address is ``
DATE: 07-06-2024 19:22:54
----

----
SOME ERROR: Unable to send payout (commission) to listing owner `User ID: ()` because the PayPal Payout email address is not a valid email. Provided PayPal Payout Email address is ``
DATE: 07-06-2024 19:23:27
----

----
SOME ERROR: Unable to send payout (commission) to listing owner `User ID: (1)` because the PayPal Payout email address is not a valid email. Provided PayPal Payout Email address is ``
DATE: 08-06-2024 09:00:35
----

----
SOME ERROR: Unable to send payout (commission) to listing owner `User ID: (1)` because the PayPal Payout email address is not a valid email. Provided PayPal Payout Email address is ``
DATE: 08-06-2024 11:10:10
----

----
SOME ERROR: Unable to send payout (commission) to listing owner `User ID: (1)` because the PayPal Payout email address is not a valid email. Provided PayPal Payout Email address is ``
DATE: 08-06-2024 16:22:30
----

----
SOME ERROR: Unable to send payout (commission) to listing owner `User ID: (1)` because the PayPal Payout email address is not a valid email. Provided PayPal Payout Email address is ``
DATE: 09-06-2024 15:09:32
----

----
SOME ERROR: Unable to send payout (commission) to listing owner `User ID: (1)` because the PayPal Payout email address is not a valid email. Provided PayPal Payout Email address is ``
DATE: 09-06-2024 18:38:46
----

----
SOME ERROR: Unable to send payout (commission) to listing owner `User ID: (1)` because the PayPal Payout email address is not a valid email. Provided PayPal Payout Email address is ``
DATE: 09-06-2024 20:06:00
----

----
SOME ERROR: Unable to send payout (commission) to listing owner `User ID: (1)` because the PayPal Payout email address is not a valid email. Provided PayPal Payout Email address is ``
DATE: 09-06-2024 21:18:49
----

----
SOME ERROR: Unable to send payout (commission) to listing owner `User ID: (1)` because the PayPal Payout email address is not a valid email. Provided PayPal Payout Email address is ``
DATE: 10-06-2024 05:17:02
----

----
SOME ERROR: Unable to send payout (commission) to listing owner `User ID: (1)` because the PayPal Payout email address is not a valid email. Provided PayPal Payout Email address is ``
DATE: 10-06-2024 09:30:56
----

----
SOME ERROR: Unable to send payout (commission) to listing owner `User ID: (1)` because the PayPal Payout email address is not a valid email. Provided PayPal Payout Email address is ``
DATE: 10-06-2024 12:04:04
----

----
SOME ERROR: Unable to send payout (commission) to listing owner `User ID: (1)` because the PayPal Payout email address is not a valid email. Provided PayPal Payout Email address is ``
DATE: 10-06-2024 13:43:59
----

----
SOME ERROR: Unable to send payout (commission) to listing owner `User ID: (1)` because the PayPal Payout email address is not a valid email. Provided PayPal Payout Email address is ``
DATE: 10-06-2024 16:10:52
----

----
SOME ERROR: Unable to send payout (commission) to listing owner `User ID: (1)` because the PayPal Payout email address is not a valid email. Provided PayPal Payout Email address is ``
DATE: 10-06-2024 16:13:21
----

----
SOME ERROR: Unable to send payout (commission) to listing owner `User ID: (1)` because the PayPal Payout email address is not a valid email. Provided PayPal Payout Email address is ``
DATE: 10-06-2024 16:31:08
----

----
SOME ERROR: Unable to send payout (commission) to listing owner `User ID: ()` because the PayPal Payout email address is not a valid email. Provided PayPal Payout Email address is ``
DATE: 10-06-2024 20:07:10
----

----
SOME ERROR: Unable to send payout (commission) to listing owner `User ID: ()` because the PayPal Payout email address is not a valid email. Provided PayPal Payout Email address is ``
DATE: 10-06-2024 20:12:22
----

----
SOME ERROR: Unable to send payout (commission) to listing owner `User ID: ()` because the PayPal Payout email address is not a valid email. Provided PayPal Payout Email address is ``
DATE: 10-06-2024 20:13:05
----

----
SOME ERROR: Unable to send payout (commission) to listing owner `User ID: ()` because the PayPal Payout email address is not a valid email. Provided PayPal Payout Email address is ``
DATE: 10-06-2024 20:13:59
----

----
SOME ERROR: Unable to send payout (commission) to listing owner `User ID: ()` because the PayPal Payout email address is not a valid email. Provided PayPal Payout Email address is ``
DATE: 10-06-2024 20:15:06
----

----
SOME ERROR: Unable to send payout (commission) to listing owner `User ID: ()` because the PayPal Payout email address is not a valid email. Provided PayPal Payout Email address is ``
DATE: 10-06-2024 20:16:05
----

----
SOME ERROR: Unable to send payout (commission) to listing owner `User ID: ()` because the PayPal Payout email address is not a valid email. Provided PayPal Payout Email address is ``
DATE: 10-06-2024 20:17:21
----

----
SOME ERROR: Unable to send payout (commission) to listing owner `User ID: (1)` because the PayPal Payout email address is not a valid email. Provided PayPal Payout Email address is ``
DATE: 11-06-2024 10:26:15
----

----
SOME ERROR: Unable to send payout (commission) to listing owner `User ID: (1)` because the PayPal Payout email address is not a valid email. Provided PayPal Payout Email address is ``
DATE: 11-06-2024 10:48:02
----

----
SOME ERROR: Unable to send payout (commission) to listing owner `User ID: (1)` because the PayPal Payout email address is not a valid email. Provided PayPal Payout Email address is ``
DATE: 11-06-2024 14:40:12
----

----
SOME ERROR: Unable to send payout (commission) to listing owner `User ID: (1)` because the PayPal Payout email address is not a valid email. Provided PayPal Payout Email address is ``
DATE: 11-06-2024 18:50:49
----

----
SOME ERROR: Unable to send payout (commission) to listing owner `User ID: (1)` because the PayPal Payout email address is not a valid email. Provided PayPal Payout Email address is ``
DATE: 12-06-2024 06:14:09
----

----
SOME ERROR: Unable to send payout (commission) to listing owner `User ID: (1)` because the PayPal Payout email address is not a valid email. Provided PayPal Payout Email address is ``
DATE: 12-06-2024 08:34:21
----

----
SOME ERROR: Unable to send payout (commission) to listing owner `User ID: ()` because the PayPal Payout email address is not a valid email. Provided PayPal Payout Email address is ``
DATE: 12-06-2024 10:00:06
----

----
SOME ERROR: Unable to send payout (commission) to listing owner `User ID: (1)` because the PayPal Payout email address is not a valid email. Provided PayPal Payout Email address is ``
DATE: 12-06-2024 10:08:15
----

----
SOME ERROR: Unable to send payout (commission) to listing owner `User ID: ()` because the PayPal Payout email address is not a valid email. Provided PayPal Payout Email address is ``
DATE: 12-06-2024 14:16:54
----

----
SOME ERROR: Unable to send payout (commission) to listing owner `User ID: ()` because the PayPal Payout email address is not a valid email. Provided PayPal Payout Email address is ``
DATE: 12-06-2024 14:18:00
----

----
SOME ERROR: Unable to send payout (commission) to listing owner `User ID: ()` because the PayPal Payout email address is not a valid email. Provided PayPal Payout Email address is ``
DATE: 12-06-2024 14:18:42
----

----
SOME ERROR: Unable to send payout (commission) to listing owner `User ID: ()` because the PayPal Payout email address is not a valid email. Provided PayPal Payout Email address is ``
DATE: 12-06-2024 14:21:38
----

----
SOME ERROR: Unable to send payout (commission) to listing owner `User ID: ()` because the PayPal Payout email address is not a valid email. Provided PayPal Payout Email address is ``
DATE: 12-06-2024 14:23:33
----

----
SOME ERROR: Unable to send payout (commission) to listing owner `User ID: ()` because the PayPal Payout email address is not a valid email. Provided PayPal Payout Email address is ``
DATE: 12-06-2024 14:24:17
----

----
SOME ERROR: Unable to send payout (commission) to listing owner `User ID: ()` because the PayPal Payout email address is not a valid email. Provided PayPal Payout Email address is ``
DATE: 12-06-2024 14:25:49
----

----
SOME ERROR: Unable to send payout (commission) to listing owner `User ID: ()` because the PayPal Payout email address is not a valid email. Provided PayPal Payout Email address is ``
DATE: 12-06-2024 14:26:41
----

----
SOME ERROR: Unable to send payout (commission) to listing owner `User ID: ()` because the PayPal Payout email address is not a valid email. Provided PayPal Payout Email address is ``
DATE: 12-06-2024 14:38:34
----

----
SOME ERROR: Unable to send payout (commission) to listing owner `User ID: (1)` because the PayPal Payout email address is not a valid email. Provided PayPal Payout Email address is ``
DATE: 12-06-2024 15:23:32
----

----
SOME ERROR: Unable to send payout (commission) to listing owner `User ID: (1)` because the PayPal Payout email address is not a valid email. Provided PayPal Payout Email address is ``
DATE: 12-06-2024 17:58:00
----

----
SOME ERROR: Unable to send payout (commission) to listing owner `User ID: (1)` because the PayPal Payout email address is not a valid email. Provided PayPal Payout Email address is ``
DATE: 13-06-2024 09:49:15
----

----
SOME ERROR: Unable to send payout (commission) to listing owner `User ID: (1)` because the PayPal Payout email address is not a valid email. Provided PayPal Payout Email address is ``
DATE: 13-06-2024 09:52:29
----

----
SOME ERROR: Unable to send payout (commission) to listing owner `User ID: (1)` because the PayPal Payout email address is not a valid email. Provided PayPal Payout Email address is ``
DATE: 13-06-2024 10:00:34
----

----
SOME ERROR: Unable to send payout (commission) to listing owner `User ID: (1)` because the PayPal Payout email address is not a valid email. Provided PayPal Payout Email address is ``
DATE: 13-06-2024 10:02:38
----

----
SOME ERROR: Unable to send payout (commission) to listing owner `User ID: (1)` because the PayPal Payout email address is not a valid email. Provided PayPal Payout Email address is ``
DATE: 13-06-2024 10:22:01
----

----
SOME ERROR: Unable to send payout (commission) to listing owner `User ID: (1)` because the PayPal Payout email address is not a valid email. Provided PayPal Payout Email address is ``
DATE: 13-06-2024 10:23:40
----

----
SOME ERROR: Unable to send payout (commission) to listing owner `User ID: (1)` because the PayPal Payout email address is not a valid email. Provided PayPal Payout Email address is ``
DATE: 13-06-2024 10:27:26
----

----
SOME ERROR: Unable to send payout (commission) to listing owner `User ID: (1)` because the PayPal Payout email address is not a valid email. Provided PayPal Payout Email address is ``
DATE: 13-06-2024 10:41:00
----

----
SOME ERROR: Unable to send payout (commission) to listing owner `User ID: (1)` because the PayPal Payout email address is not a valid email. Provided PayPal Payout Email address is ``
DATE: 13-06-2024 10:44:31
----

----
SOME ERROR: Unable to send payout (commission) to listing owner `User ID: (1)` because the PayPal Payout email address is not a valid email. Provided PayPal Payout Email address is ``
DATE: 13-06-2024 10:59:32
----

----
SOME ERROR: Unable to send payout (commission) to listing owner `User ID: (1)` because the PayPal Payout email address is not a valid email. Provided PayPal Payout Email address is ``
DATE: 13-06-2024 11:05:24
----

----
SOME ERROR: Unable to send payout (commission) to listing owner `User ID: (1)` because the PayPal Payout email address is not a valid email. Provided PayPal Payout Email address is ``
DATE: 13-06-2024 14:27:50
----

----
SOME ERROR: Unable to send payout (commission) to listing owner `User ID: (1)` because the PayPal Payout email address is not a valid email. Provided PayPal Payout Email address is ``
DATE: 13-06-2024 17:13:13
----

----
SOME ERROR: Unable to send payout (commission) to listing owner `User ID: ()` because the PayPal Payout email address is not a valid email. Provided PayPal Payout Email address is ``
DATE: 13-06-2024 19:41:18
----

----
SOME ERROR: Unable to send payout (commission) to listing owner `User ID: ()` because the PayPal Payout email address is not a valid email. Provided PayPal Payout Email address is ``
DATE: 14-06-2024 10:47:37
----

----
SOME ERROR: Unable to send payout (commission) to listing owner `User ID: ()` because the PayPal Payout email address is not a valid email. Provided PayPal Payout Email address is ``
DATE: 14-06-2024 10:48:08
----

----
SOME ERROR: Unable to send payout (commission) to listing owner `User ID: ()` because the PayPal Payout email address is not a valid email. Provided PayPal Payout Email address is ``
DATE: 14-06-2024 12:47:47
----

----
SOME ERROR: Unable to send payout (commission) to listing owner `User ID: (1)` because the PayPal Payout email address is not a valid email. Provided PayPal Payout Email address is ``
DATE: 14-06-2024 18:58:35
----

----
SOME ERROR: Unable to send payout (commission) to listing owner `User ID: (1)` because the PayPal Payout email address is not a valid email. Provided PayPal Payout Email address is ``
DATE: 14-06-2024 19:27:59
----

----
SOME ERROR: Unable to send payout (commission) to listing owner `User ID: (1)` because the PayPal Payout email address is not a valid email. Provided PayPal Payout Email address is ``
DATE: 14-06-2024 20:21:06
----

----
SOME ERROR: Unable to send payout (commission) to listing owner `User ID: (1)` because the PayPal Payout email address is not a valid email. Provided PayPal Payout Email address is ``
DATE: 15-06-2024 10:04:15
----

----
SOME ERROR: Unable to send payout (commission) to listing owner `User ID: (1)` because the PayPal Payout email address is not a valid email. Provided PayPal Payout Email address is ``
DATE: 15-06-2024 11:56:56
----

----
SOME ERROR: Unable to send payout (commission) to listing owner `User ID: (1)` because the PayPal Payout email address is not a valid email. Provided PayPal Payout Email address is ``
DATE: 15-06-2024 19:58:01
----

----
SOME ERROR: Unable to send payout (commission) to listing owner `User ID: (1)` because the PayPal Payout email address is not a valid email. Provided PayPal Payout Email address is ``
DATE: 15-06-2024 21:13:21
----

----
SOME ERROR: Unable to send payout (commission) to listing owner `User ID: (1)` because the PayPal Payout email address is not a valid email. Provided PayPal Payout Email address is ``
DATE: 16-06-2024 08:43:33
----

----
SOME ERROR: Unable to send payout (commission) to listing owner `User ID: (1)` because the PayPal Payout email address is not a valid email. Provided PayPal Payout Email address is ``
DATE: 16-06-2024 09:40:49
----

----
SOME ERROR: Unable to send payout (commission) to listing owner `User ID: (1)` because the PayPal Payout email address is not a valid email. Provided PayPal Payout Email address is ``
DATE: 16-06-2024 12:14:42
----

----
SOME ERROR: Unable to send payout (commission) to listing owner `User ID: (1)` because the PayPal Payout email address is not a valid email. Provided PayPal Payout Email address is ``
DATE: 16-06-2024 15:18:15
----

----
SOME ERROR: Unable to send payout (commission) to listing owner `User ID: (1)` because the PayPal Payout email address is not a valid email. Provided PayPal Payout Email address is ``
DATE: 16-06-2024 20:52:18
----

----
SOME ERROR: Unable to send payout (commission) to listing owner `User ID: (1)` because the PayPal Payout email address is not a valid email. Provided PayPal Payout Email address is ``
DATE: 17-06-2024 08:16:59
----

----
SOME ERROR: Unable to send payout (commission) to listing owner `User ID: (1)` because the PayPal Payout email address is not a valid email. Provided PayPal Payout Email address is ``
DATE: 17-06-2024 08:43:00
----

----
SOME ERROR: Unable to send payout (commission) to listing owner `User ID: (1)` because the PayPal Payout email address is not a valid email. Provided PayPal Payout Email address is ``
DATE: 17-06-2024 09:10:53
----

----
SOME ERROR: Unable to send payout (commission) to listing owner `User ID: ()` because the PayPal Payout email address is not a valid email. Provided PayPal Payout Email address is ``
DATE: 17-06-2024 11:06:50
----

----
SOME ERROR: Unable to send payout (commission) to listing owner `User ID: ()` because the PayPal Payout email address is not a valid email. Provided PayPal Payout Email address is ``
DATE: 17-06-2024 11:08:48
----

----
SOME ERROR: Unable to send payout (commission) to listing owner `User ID: ()` because the PayPal Payout email address is not a valid email. Provided PayPal Payout Email address is ``
DATE: 17-06-2024 11:09:25
----

----
SOME ERROR: Unable to send payout (commission) to listing owner `User ID: ()` because the PayPal Payout email address is not a valid email. Provided PayPal Payout Email address is ``
DATE: 17-06-2024 11:17:51
----

----
SOME ERROR: Unable to send payout (commission) to listing owner `User ID: (1)` because the PayPal Payout email address is not a valid email. Provided PayPal Payout Email address is ``
DATE: 17-06-2024 11:34:20
----

----
SOME ERROR: Unable to send payout (commission) to listing owner `User ID: (1)` because the PayPal Payout email address is not a valid email. Provided PayPal Payout Email address is ``
DATE: 17-06-2024 13:09:47
----

----
SOME ERROR: Unable to send payout (commission) to listing owner `User ID: ()` because the PayPal Payout email address is not a valid email. Provided PayPal Payout Email address is ``
DATE: 17-06-2024 13:37:53
----

----
SOME ERROR: Unable to send payout (commission) to listing owner `User ID: (1)` because the PayPal Payout email address is not a valid email. Provided PayPal Payout Email address is ``
DATE: 17-06-2024 17:46:03
----

----
SOME ERROR: Unable to send payout (commission) to listing owner `User ID: (1)` because the PayPal Payout email address is not a valid email. Provided PayPal Payout Email address is ``
DATE: 18-06-2024 07:31:18
----

----
SOME ERROR: Unable to send payout (commission) to listing owner `User ID: (1)` because the PayPal Payout email address is not a valid email. Provided PayPal Payout Email address is ``
DATE: 18-06-2024 08:31:28
----

----
SOME ERROR: Unable to send payout (commission) to listing owner `User ID: (1)` because the PayPal Payout email address is not a valid email. Provided PayPal Payout Email address is ``
DATE: 18-06-2024 08:37:07
----

----
SOME ERROR: Unable to send payout (commission) to listing owner `User ID: (1)` because the PayPal Payout email address is not a valid email. Provided PayPal Payout Email address is ``
DATE: 18-06-2024 08:46:27
----

----
SOME ERROR: Unable to send payout (commission) to listing owner `User ID: (1)` because the PayPal Payout email address is not a valid email. Provided PayPal Payout Email address is ``
DATE: 18-06-2024 08:53:07
----

----
SOME ERROR: Unable to send payout (commission) to listing owner `User ID: (1)` because the PayPal Payout email address is not a valid email. Provided PayPal Payout Email address is ``
DATE: 18-06-2024 12:38:46
----

----
SOME ERROR: Unable to send payout (commission) to listing owner `User ID: (1)` because the PayPal Payout email address is not a valid email. Provided PayPal Payout Email address is ``
DATE: 18-06-2024 13:42:14
----

----
SOME ERROR: Unable to send payout (commission) to listing owner `User ID: (1)` because the PayPal Payout email address is not a valid email. Provided PayPal Payout Email address is ``
DATE: 26-06-2024 10:55:19
----

----
SOME ERROR: Unable to send payout (commission) to listing owner `User ID: (1)` because the PayPal Payout email address is not a valid email. Provided PayPal Payout Email address is ``
DATE: 26-06-2024 11:27:57
----

----
SOME ERROR: Unable to send payout (commission) to listing owner `User ID: (1)` because the PayPal Payout email address is not a valid email. Provided PayPal Payout Email address is ``
DATE: 26-06-2024 14:13:45
----

----
SOME ERROR: Unable to send payout (commission) to listing owner `User ID: (1)` because the PayPal Payout email address is not a valid email. Provided PayPal Payout Email address is ``
DATE: 03-07-2024 06:16:25
----

----
SOME ERROR: Unable to send payout (commission) to listing owner `User ID: (1)` because the PayPal Payout email address is not a valid email. Provided PayPal Payout Email address is ``
DATE: 12-07-2024 11:02:23
----

----
SOME ERROR: Unable to send payout (commission) to listing owner `User ID: (1)` because the PayPal Payout email address is not a valid email. Provided PayPal Payout Email address is ``
DATE: 16-07-2024 09:10:53
----

----
SOME ERROR: Unable to send payout (commission) to listing owner `User ID: (1)` because the PayPal Payout email address is not a valid email. Provided PayPal Payout Email address is ``
DATE: 23-07-2024 09:11:17
----

----
SOME ERROR: Unable to send payout (commission) to listing owner `User ID: (1)` because the PayPal Payout email address is not a valid email. Provided PayPal Payout Email address is ``
DATE: 24-07-2024 16:17:52
----

----
SOME ERROR: Unable to send payout (commission) to listing owner `User ID: (1)` because the PayPal Payout email address is not a valid email. Provided PayPal Payout Email address is ``
DATE: 28-07-2024 08:02:00
----

----
SOME ERROR: Unable to send payout (commission) to listing owner `User ID: (1)` because the PayPal Payout email address is not a valid email. Provided PayPal Payout Email address is ``
DATE: 28-07-2024 16:39:37
----

----
SOME ERROR: Unable to send payout (commission) to listing owner `User ID: (1)` because the PayPal Payout email address is not a valid email. Provided PayPal Payout Email address is ``
DATE: 10-08-2024 15:24:16
----

----
SOME ERROR: Unable to send payout (commission) to listing owner `User ID: (1)` because the PayPal Payout email address is not a valid email. Provided PayPal Payout Email address is ``
DATE: 21-08-2024 14:53:21
----

----
SOME ERROR: Unable to send payout (commission) to listing owner `User ID: (1)` because the PayPal Payout email address is not a valid email. Provided PayPal Payout Email address is ``
DATE: 27-08-2024 10:08:24
----

----
SOME ERROR: Unable to send payout (commission) to listing owner `User ID: (1)` because the PayPal Payout email address is not a valid email. Provided PayPal Payout Email address is ``
DATE: 04-09-2024 19:35:49
----

----
SOME ERROR: Unable to send payout (commission) to listing owner `User ID: (1)` because the PayPal Payout email address is not a valid email. Provided PayPal Payout Email address is ``
DATE: 08-09-2024 09:10:06
----

----
SOME ERROR: Unable to send payout (commission) to listing owner `User ID: (1)` because the PayPal Payout email address is not a valid email. Provided PayPal Payout Email address is ``
DATE: 08-09-2024 19:27:19
----

----
SOME ERROR: Unable to send payout (commission) to listing owner `User ID: (1)` because the PayPal Payout email address is not a valid email. Provided PayPal Payout Email address is ``
DATE: 09-09-2024 12:07:02
----

----
SOME ERROR: Unable to send payout (commission) to listing owner `User ID: (1)` because the PayPal Payout email address is not a valid email. Provided PayPal Payout Email address is ``
DATE: 09-09-2024 18:25:44
----

----
SOME ERROR: Unable to send payout (commission) to listing owner `User ID: (1)` because the PayPal Payout email address is not a valid email. Provided PayPal Payout Email address is ``
DATE: 10-09-2024 14:33:41
----

----
SOME ERROR: Unable to send payout (commission) to listing owner `User ID: (1)` because the PayPal Payout email address is not a valid email. Provided PayPal Payout Email address is ``
DATE: 10-09-2024 20:11:45
----

----
SOME ERROR: Unable to send payout (commission) to listing owner `User ID: (1)` because the PayPal Payout email address is not a valid email. Provided PayPal Payout Email address is ``
DATE: 11-09-2024 07:15:26
----

----
SOME ERROR: Unable to send payout (commission) to listing owner `User ID: (1)` because the PayPal Payout email address is not a valid email. Provided PayPal Payout Email address is ``
DATE: 12-09-2024 17:45:42
----

----
SOME ERROR: Unable to send payout (commission) to listing owner `User ID: (1)` because the PayPal Payout email address is not a valid email. Provided PayPal Payout Email address is ``
DATE: 13-09-2024 20:56:37
----

----
SOME ERROR: Unable to send payout (commission) to listing owner `User ID: (1)` because the PayPal Payout email address is not a valid email. Provided PayPal Payout Email address is ``
DATE: 15-09-2024 16:46:50
----

----
SOME ERROR: Unable to send payout (commission) to listing owner `User ID: (1)` because the PayPal Payout email address is not a valid email. Provided PayPal Payout Email address is ``
DATE: 16-09-2024 18:52:10
----

----
SOME ERROR: Unable to send payout (commission) to listing owner `User ID: (1)` because the PayPal Payout email address is not a valid email. Provided PayPal Payout Email address is ``
DATE: 17-09-2024 06:07:37
----

----
SOME ERROR: Unable to send payout (commission) to listing owner `User ID: ()` because the PayPal Payout email address is not a valid email. Provided PayPal Payout Email address is ``
DATE: 19-09-2024 14:33:57
----

----
SOME ERROR: Unable to send payout (commission) to listing owner `User ID: (1)` because the PayPal Payout email address is not a valid email. Provided PayPal Payout Email address is ``
DATE: 20-09-2024 08:16:21
----

----
SOME ERROR: Unable to send payout (commission) to listing owner `User ID: (1)` because the PayPal Payout email address is not a valid email. Provided PayPal Payout Email address is ``
DATE: 20-09-2024 08:29:57
----

----
SOME ERROR: Unable to send payout (commission) to listing owner `User ID: (1)` because the PayPal Payout email address is not a valid email. Provided PayPal Payout Email address is ``
DATE: 20-09-2024 08:37:30
----

----
SOME ERROR: Unable to send payout (commission) to listing owner `User ID: (1)` because the PayPal Payout email address is not a valid email. Provided PayPal Payout Email address is ``
DATE: 20-09-2024 08:40:57
----

----
SOME ERROR: Unable to send payout (commission) to listing owner `User ID: (1)` because the PayPal Payout email address is not a valid email. Provided PayPal Payout Email address is ``
DATE: 20-09-2024 14:40:03
----

----
SOME ERROR: Unable to send payout (commission) to listing owner `User ID: (1)` because the PayPal Payout email address is not a valid email. Provided PayPal Payout Email address is ``
DATE: 21-09-2024 12:46:09
----

----
SOME ERROR: Unable to send payout (commission) to listing owner `User ID: (1)` because the PayPal Payout email address is not a valid email. Provided PayPal Payout Email address is ``
DATE: 21-09-2024 15:12:21
----

----
SOME ERROR: Unable to send payout (commission) to listing owner `User ID: (1)` because the PayPal Payout email address is not a valid email. Provided PayPal Payout Email address is ``
DATE: 22-09-2024 16:57:09
----

----
SOME ERROR: Unable to send payout (commission) to listing owner `User ID: (1)` because the PayPal Payout email address is not a valid email. Provided PayPal Payout Email address is ``
DATE: 23-09-2024 11:19:16
----

----
SOME ERROR: Unable to send payout (commission) to listing owner `User ID: (1)` because the PayPal Payout email address is not a valid email. Provided PayPal Payout Email address is ``
DATE: 25-09-2024 15:48:55
----

----
SOME ERROR: Unable to send payout (commission) to listing owner `User ID: (1)` because the PayPal Payout email address is not a valid email. Provided PayPal Payout Email address is ``
DATE: 27-09-2024 20:12:21
----

----
SOME ERROR: Unable to send payout (commission) to listing owner `User ID: (1)` because the PayPal Payout email address is not a valid email. Provided PayPal Payout Email address is ``
DATE: 29-09-2024 22:30:58
----

----
SOME ERROR: Unable to send payout (commission) to listing owner `User ID: (1)` because the PayPal Payout email address is not a valid email. Provided PayPal Payout Email address is ``
DATE: 02-10-2024 08:50:37
----

----
SOME ERROR: Unable to send payout (commission) to listing owner `User ID: (1)` because the PayPal Payout email address is not a valid email. Provided PayPal Payout Email address is ``
DATE: 03-10-2024 18:46:28
----

----
SOME ERROR: Unable to send payout (commission) to listing owner `User ID: (1)` because the PayPal Payout email address is not a valid email. Provided PayPal Payout Email address is ``
DATE: 03-10-2024 20:55:23
----

----
SOME ERROR: Unable to send payout (commission) to listing owner `User ID: (1)` because the PayPal Payout email address is not a valid email. Provided PayPal Payout Email address is ``
DATE: 06-10-2024 11:58:26
----

----
SOME ERROR: Unable to send payout (commission) to listing owner `User ID: (1)` because the PayPal Payout email address is not a valid email. Provided PayPal Payout Email address is ``
DATE: 07-10-2024 10:02:01
----

----
SOME ERROR: Unable to send payout (commission) to listing owner `User ID: (1)` because the PayPal Payout email address is not a valid email. Provided PayPal Payout Email address is ``
DATE: 10-10-2024 17:14:56
----

----
SOME ERROR: Unable to send payout (commission) to listing owner `User ID: (1)` because the PayPal Payout email address is not a valid email. Provided PayPal Payout Email address is ``
DATE: 11-10-2024 15:36:51
----

----
SOME ERROR: Unable to send payout (commission) to listing owner `User ID: (1)` because the PayPal Payout email address is not a valid email. Provided PayPal Payout Email address is ``
DATE: 13-10-2024 18:49:16
----

----
SOME ERROR: Unable to send payout (commission) to listing owner `User ID: (1)` because the PayPal Payout email address is not a valid email. Provided PayPal Payout Email address is ``
DATE: 14-10-2024 10:33:39
----

----
SOME ERROR: Unable to send payout (commission) to listing owner `User ID: (1)` because the PayPal Payout email address is not a valid email. Provided PayPal Payout Email address is ``
DATE: 15-10-2024 19:07:48
----

----
SOME ERROR: Unable to send payout (commission) to listing owner `User ID: (1)` because the PayPal Payout email address is not a valid email. Provided PayPal Payout Email address is ``
DATE: 20-10-2024 12:40:01
----

----
SOME ERROR: Unable to send payout (commission) to listing owner `User ID: (1)` because the PayPal Payout email address is not a valid email. Provided PayPal Payout Email address is ``
DATE: 24-10-2024 12:18:41
----

----
SOME ERROR: Unable to send payout (commission) to listing owner `User ID: (1)` because the PayPal Payout email address is not a valid email. Provided PayPal Payout Email address is ``
DATE: 27-10-2024 07:21:40
----

----
SOME ERROR: Unable to send payout (commission) to listing owner `User ID: (1)` because the PayPal Payout email address is not a valid email. Provided PayPal Payout Email address is ``
DATE: 28-10-2024 08:42:09
----

----
SOME ERROR: Unable to send payout (commission) to listing owner `User ID: (1)` because the PayPal Payout email address is not a valid email. Provided PayPal Payout Email address is ``
DATE: 29-10-2024 08:41:25
----

----
SOME ERROR: Unable to send payout (commission) to listing owner `User ID: (1)` because the PayPal Payout email address is not a valid email. Provided PayPal Payout Email address is ``
DATE: 30-10-2024 13:40:01
----

----
SOME ERROR: Unable to send payout (commission) to listing owner `User ID: (1)` because the PayPal Payout email address is not a valid email. Provided PayPal Payout Email address is ``
DATE: 30-10-2024 21:40:21
----

----
SOME ERROR: Unable to send payout (commission) to listing owner `User ID: (1)` because the PayPal Payout email address is not a valid email. Provided PayPal Payout Email address is ``
DATE: 30-10-2024 22:46:14
----

----
SOME ERROR: Unable to send payout (commission) to listing owner `User ID: (1)` because the PayPal Payout email address is not a valid email. Provided PayPal Payout Email address is ``
DATE: 01-11-2024 22:44:42
----

----
SOME ERROR: Unable to send payout (commission) to listing owner `User ID: (1)` because the PayPal Payout email address is not a valid email. Provided PayPal Payout Email address is ``
DATE: 03-11-2024 12:47:32
----

----
SOME ERROR: Unable to send payout (commission) to listing owner `User ID: (1)` because the PayPal Payout email address is not a valid email. Provided PayPal Payout Email address is ``
DATE: 05-11-2024 09:31:04
----

----
SOME ERROR: Unable to send payout (commission) to listing owner `User ID: (1)` because the PayPal Payout email address is not a valid email. Provided PayPal Payout Email address is ``
DATE: 05-11-2024 11:56:50
----

----
SOME ERROR: Unable to send payout (commission) to listing owner `User ID: (1)` because the PayPal Payout email address is not a valid email. Provided PayPal Payout Email address is ``
DATE: 05-11-2024 17:40:45
----

----
SOME ERROR: Unable to send payout (commission) to listing owner `User ID: (1)` because the PayPal Payout email address is not a valid email. Provided PayPal Payout Email address is ``
DATE: 06-11-2024 20:25:29
----

----
SOME ERROR: Unable to send payout (commission) to listing owner `User ID: (1)` because the PayPal Payout email address is not a valid email. Provided PayPal Payout Email address is ``
DATE: 07-11-2024 20:03:00
----

----
SOME ERROR: Unable to send payout (commission) to listing owner `User ID: (1)` because the PayPal Payout email address is not a valid email. Provided PayPal Payout Email address is ``
DATE: 07-11-2024 21:38:12
----

----
SOME ERROR: Unable to send payout (commission) to listing owner `User ID: (1)` because the PayPal Payout email address is not a valid email. Provided PayPal Payout Email address is ``
DATE: 08-11-2024 15:14:32
----

----
SOME ERROR: Unable to send payout (commission) to listing owner `User ID: (1)` because the PayPal Payout email address is not a valid email. Provided PayPal Payout Email address is ``
DATE: 09-11-2024 14:15:19
----

----
SOME ERROR: Unable to send payout (commission) to listing owner `User ID: (1)` because the PayPal Payout email address is not a valid email. Provided PayPal Payout Email address is ``
DATE: 11-11-2024 13:44:02
----

----
SOME ERROR: Unable to send payout (commission) to listing owner `User ID: (1)` because the PayPal Payout email address is not a valid email. Provided PayPal Payout Email address is ``
DATE: 13-11-2024 14:34:08
----

----
SOME ERROR: Unable to send payout (commission) to listing owner `User ID: (1)` because the PayPal Payout email address is not a valid email. Provided PayPal Payout Email address is ``
DATE: 14-11-2024 21:18:42
----

----
SOME ERROR: Unable to send payout (commission) to listing owner `User ID: (1)` because the PayPal Payout email address is not a valid email. Provided PayPal Payout Email address is ``
DATE: 16-11-2024 10:02:55
----

----
SOME ERROR: Unable to send payout (commission) to listing owner `User ID: (1)` because the PayPal Payout email address is not a valid email. Provided PayPal Payout Email address is ``
DATE: 16-11-2024 15:13:08
----

----
SOME ERROR: Unable to send payout (commission) to listing owner `User ID: (1)` because the PayPal Payout email address is not a valid email. Provided PayPal Payout Email address is ``
DATE: 17-11-2024 13:06:40
----

----
SOME ERROR: Unable to send payout (commission) to listing owner `User ID: (1)` because the PayPal Payout email address is not a valid email. Provided PayPal Payout Email address is ``
DATE: 17-11-2024 14:08:41
----

----
SOME ERROR: Unable to send payout (commission) to listing owner `User ID: (1)` because the PayPal Payout email address is not a valid email. Provided PayPal Payout Email address is ``
DATE: 18-11-2024 13:38:08
----

----
SOME ERROR: Unable to send payout (commission) to listing owner `User ID: (1)` because the PayPal Payout email address is not a valid email. Provided PayPal Payout Email address is ``
DATE: 21-11-2024 20:00:42
----

----
SOME ERROR: Unable to send payout (commission) to listing owner `User ID: (1)` because the PayPal Payout email address is not a valid email. Provided PayPal Payout Email address is ``
DATE: 25-11-2024 12:14:00
----

----
SOME ERROR: Unable to send payout (commission) to listing owner `User ID: (1)` because the PayPal Payout email address is not a valid email. Provided PayPal Payout Email address is ``
DATE: 26-11-2024 14:31:04
----

----
SOME ERROR: Unable to send payout (commission) to listing owner `User ID: (1)` because the PayPal Payout email address is not a valid email. Provided PayPal Payout Email address is ``
DATE: 02-12-2024 21:15:46
----

----
SOME ERROR: Unable to send payout (commission) to listing owner `User ID: (1)` because the PayPal Payout email address is not a valid email. Provided PayPal Payout Email address is ``
DATE: 03-12-2024 16:02:27
----

----
SOME ERROR: Unable to send payout (commission) to listing owner `User ID: (1)` because the PayPal Payout email address is not a valid email. Provided PayPal Payout Email address is ``
DATE: 03-12-2024 20:42:03
----

----
SOME ERROR: Unable to send payout (commission) to listing owner `User ID: (1)` because the PayPal Payout email address is not a valid email. Provided PayPal Payout Email address is ``
DATE: 07-12-2024 18:06:38
----

----
SOME ERROR: Unable to send payout (commission) to listing owner `User ID: (1)` because the PayPal Payout email address is not a valid email. Provided PayPal Payout Email address is ``
DATE: 08-12-2024 09:18:38
----

----
SOME ERROR: Unable to send payout (commission) to listing owner `User ID: (1)` because the PayPal Payout email address is not a valid email. Provided PayPal Payout Email address is ``
DATE: 16-12-2024 13:43:59
----

----
SOME ERROR: Unable to send payout (commission) to listing owner `User ID: (1)` because the PayPal Payout email address is not a valid email. Provided PayPal Payout Email address is ``
DATE: 16-12-2024 18:24:12
----

----
SOME ERROR: Unable to send payout (commission) to listing owner `User ID: (1)` because the PayPal Payout email address is not a valid email. Provided PayPal Payout Email address is ``
DATE: 17-12-2024 09:19:18
----

----
SOME ERROR: Unable to send payout (commission) to listing owner `User ID: (1)` because the PayPal Payout email address is not a valid email. Provided PayPal Payout Email address is ``
DATE: 18-12-2024 11:55:00
----

----
SOME ERROR: Unable to send payout (commission) to listing owner `User ID: (1)` because the PayPal Payout email address is not a valid email. Provided PayPal Payout Email address is ``
DATE: 18-12-2024 19:50:02
----

----
SOME ERROR: Unable to send payout (commission) to listing owner `User ID: (1)` because the PayPal Payout email address is not a valid email. Provided PayPal Payout Email address is ``
DATE: 19-12-2024 15:55:22
----

----
SOME ERROR: Unable to send payout (commission) to listing owner `User ID: (1)` because the PayPal Payout email address is not a valid email. Provided PayPal Payout Email address is ``
DATE: 20-12-2024 12:39:40
----

----
SOME ERROR: Unable to send payout (commission) to listing owner `User ID: (1)` because the PayPal Payout email address is not a valid email. Provided PayPal Payout Email address is ``
DATE: 21-12-2024 21:01:28
----

----
SOME ERROR: Unable to send payout (commission) to listing owner `User ID: (1)` because the PayPal Payout email address is not a valid email. Provided PayPal Payout Email address is ``
DATE: 22-12-2024 21:31:00
----

----
SOME ERROR: Unable to send payout (commission) to listing owner `User ID: (1)` because the PayPal Payout email address is not a valid email. Provided PayPal Payout Email address is ``
DATE: 23-12-2024 13:57:10
----

----
SOME ERROR: Unable to send payout (commission) to listing owner `User ID: (1)` because the PayPal Payout email address is not a valid email. Provided PayPal Payout Email address is ``
DATE: 24-12-2024 15:00:24
----

----
SOME ERROR: Unable to send payout (commission) to listing owner `User ID: (1)` because the PayPal Payout email address is not a valid email. Provided PayPal Payout Email address is ``
DATE: 24-12-2024 16:16:32
----

----
SOME ERROR: Unable to send payout (commission) to listing owner `User ID: (1)` because the PayPal Payout email address is not a valid email. Provided PayPal Payout Email address is ``
DATE: 26-12-2024 12:44:57
----

----
SOME ERROR: Unable to send payout (commission) to listing owner `User ID: (1)` because the PayPal Payout email address is not a valid email. Provided PayPal Payout Email address is ``
DATE: 27-12-2024 06:28:24
----

----
SOME ERROR: Unable to send payout (commission) to listing owner `User ID: (1)` because the PayPal Payout email address is not a valid email. Provided PayPal Payout Email address is ``
DATE: 27-12-2024 16:11:56
----

----
SOME ERROR: Unable to send payout (commission) to listing owner `User ID: (1)` because the PayPal Payout email address is not a valid email. Provided PayPal Payout Email address is ``
DATE: 28-12-2024 08:41:28
----

----
SOME ERROR: Unable to send payout (commission) to listing owner `User ID: (1)` because the PayPal Payout email address is not a valid email. Provided PayPal Payout Email address is ``
DATE: 30-12-2024 12:51:09
----

----
SOME ERROR: Unable to send payout (commission) to listing owner `User ID: (1)` because the PayPal Payout email address is not a valid email. Provided PayPal Payout Email address is ``
DATE: 05-01-2025 14:54:27
----

----
SOME ERROR: Unable to send payout (commission) to listing owner `User ID: (1)` because the PayPal Payout email address is not a valid email. Provided PayPal Payout Email address is ``
DATE: 08-01-2025 07:42:44
----

----
SOME ERROR: Unable to send payout (commission) to listing owner `User ID: (1)` because the PayPal Payout email address is not a valid email. Provided PayPal Payout Email address is ``
DATE: 08-01-2025 20:48:53
----

----
SOME ERROR: Unable to send payout (commission) to listing owner `User ID: (1)` because the PayPal Payout email address is not a valid email. Provided PayPal Payout Email address is ``
DATE: 16-01-2025 16:47:35
----

----
SOME ERROR: Unable to send payout (commission) to listing owner `User ID: (1)` because the PayPal Payout email address is not a valid email. Provided PayPal Payout Email address is ``
DATE: 19-01-2025 11:08:05
----

----
SOME ERROR: Unable to send payout (commission) to listing owner `User ID: (1)` because the PayPal Payout email address is not a valid email. Provided PayPal Payout Email address is ``
DATE: 19-01-2025 17:33:08
----

----
SOME ERROR: Unable to send payout (commission) to listing owner `User ID: (1)` because the PayPal Payout email address is not a valid email. Provided PayPal Payout Email address is ``
DATE: 20-01-2025 17:00:13
----

----
SOME ERROR: Unable to send payout (commission) to listing owner `User ID: (1)` because the PayPal Payout email address is not a valid email. Provided PayPal Payout Email address is ``
DATE: 24-01-2025 14:37:08
----

----
SOME ERROR: Unable to send payout (commission) to listing owner `User ID: (1)` because the PayPal Payout email address is not a valid email. Provided PayPal Payout Email address is ``
DATE: 25-01-2025 13:56:26
----

----
SOME ERROR: Unable to send payout (commission) to listing owner `User ID: (1)` because the PayPal Payout email address is not a valid email. Provided PayPal Payout Email address is ``
DATE: 26-01-2025 16:11:59
----

----
SOME ERROR: Unable to send payout (commission) to listing owner `User ID: (1)` because the PayPal Payout email address is not a valid email. Provided PayPal Payout Email address is ``
DATE: 26-01-2025 19:32:28
----

----
SOME ERROR: Unable to send payout (commission) to listing owner `User ID: (1)` because the PayPal Payout email address is not a valid email. Provided PayPal Payout Email address is ``
DATE: 29-01-2025 07:49:27
----

----
SOME ERROR: Unable to send payout (commission) to listing owner `User ID: (1)` because the PayPal Payout email address is not a valid email. Provided PayPal Payout Email address is ``
DATE: 29-01-2025 14:50:23
----

----
SOME ERROR: Unable to send payout (commission) to listing owner `User ID: (1)` because the PayPal Payout email address is not a valid email. Provided PayPal Payout Email address is ``
DATE: 30-01-2025 09:43:32
----

----
SOME ERROR: Unable to send payout (commission) to listing owner `User ID: (1)` because the PayPal Payout email address is not a valid email. Provided PayPal Payout Email address is ``
DATE: 30-01-2025 14:32:56
----

----
SOME ERROR: Unable to send payout (commission) to listing owner `User ID: (1)` because the PayPal Payout email address is not a valid email. Provided PayPal Payout Email address is ``
DATE: 30-01-2025 15:47:07
----

----
SOME ERROR: Unable to send payout (commission) to listing owner `User ID: (1)` because the PayPal Payout email address is not a valid email. Provided PayPal Payout Email address is ``
DATE: 01-02-2025 08:08:04
----

----
SOME ERROR: Unable to send payout (commission) to listing owner `User ID: (1)` because the PayPal Payout email address is not a valid email. Provided PayPal Payout Email address is ``
DATE: 03-02-2025 19:39:19
----

----
SOME ERROR: Unable to send payout (commission) to listing owner `User ID: (1)` because the PayPal Payout email address is not a valid email. Provided PayPal Payout Email address is ``
DATE: 04-02-2025 12:26:38
----

----
SOME ERROR: Unable to send payout (commission) to listing owner `User ID: (1)` because the PayPal Payout email address is not a valid email. Provided PayPal Payout Email address is ``
DATE: 05-02-2025 10:20:55
----

----
SOME ERROR: Unable to send payout (commission) to listing owner `User ID: (1)` because the PayPal Payout email address is not a valid email. Provided PayPal Payout Email address is ``
DATE: 09-02-2025 13:24:12
----

----
SOME ERROR: Unable to send payout (commission) to listing owner `User ID: (1)` because the PayPal Payout email address is not a valid email. Provided PayPal Payout Email address is ``
DATE: 10-02-2025 17:25:05
----

----
SOME ERROR: Unable to send payout (commission) to listing owner `User ID: (1)` because the PayPal Payout email address is not a valid email. Provided PayPal Payout Email address is ``
DATE: 10-02-2025 19:41:08
----

----
SOME ERROR: Unable to send payout (commission) to listing owner `User ID: (1)` because the PayPal Payout email address is not a valid email. Provided PayPal Payout Email address is ``
DATE: 11-02-2025 11:41:44
----

----
SOME ERROR: Unable to send payout (commission) to listing owner `User ID: (1)` because the PayPal Payout email address is not a valid email. Provided PayPal Payout Email address is ``
DATE: 11-02-2025 12:43:36
----

----
SOME ERROR: Unable to send payout (commission) to listing owner `User ID: (1)` because the PayPal Payout email address is not a valid email. Provided PayPal Payout Email address is ``
DATE: 12-02-2025 20:38:35
----

----
SOME ERROR: Unable to send payout (commission) to listing owner `User ID: (1)` because the PayPal Payout email address is not a valid email. Provided PayPal Payout Email address is ``
DATE: 13-02-2025 18:49:53
----

----
SOME ERROR: Unable to send payout (commission) to listing owner `User ID: (1)` because the PayPal Payout email address is not a valid email. Provided PayPal Payout Email address is ``
DATE: 28-04-2025 05:57:44
----

----
SOME ERROR: Unable to send payout (commission) to listing owner `User ID: (1)` because the PayPal Payout email address is not a valid email. Provided PayPal Payout Email address is ``
DATE: 28-04-2025 05:58:04
----

----
SOME ERROR: Unable to send payout (commission) to listing owner `User ID: (1)` because the PayPal Payout email address is not a valid email. Provided PayPal Payout Email address is ``
DATE: 28-04-2025 05:59:06
----

----
SOME ERROR: Unable to send payout (commission) to listing owner `User ID: (1)` because the PayPal Payout email address is not a valid email. Provided PayPal Payout Email address is ``
DATE: 29-04-2025 06:47:35
----

----
SOME ERROR: Unable to send payout (commission) to listing owner `User ID: (1)` because the PayPal Payout email address is not a valid email. Provided PayPal Payout Email address is ``
DATE: 29-04-2025 06:48:43
----

----
SOME ERROR: Unable to send payout (commission) to listing owner `User ID: (1)` because the PayPal Payout email address is not a valid email. Provided PayPal Payout Email address is ``
DATE: 29-04-2025 06:50:30
----

----
SOME ERROR: Unable to send payout (commission) to listing owner `User ID: (1)` because the PayPal Payout email address is not a valid email. Provided PayPal Payout Email address is ``
DATE: 29-04-2025 06:50:47
----

----
SOME ERROR: Unable to send payout (commission) to listing owner `User ID: (1)` because the PayPal Payout email address is not a valid email. Provided PayPal Payout Email address is ``
DATE: 30-04-2025 04:59:05
----

----
SOME ERROR: Unable to send payout (commission) to listing owner `User ID: (1)` because the PayPal Payout email address is not a valid email. Provided PayPal Payout Email address is ``
DATE: 30-04-2025 04:59:10
----

----
SOME ERROR: Unable to send payout (commission) to listing owner `User ID: (1)` because the PayPal Payout email address is not a valid email. Provided PayPal Payout Email address is ``
DATE: 30-04-2025 13:35:21
----

----
SOME ERROR: Unable to send payout (commission) to listing owner `User ID: (1)` because the PayPal Payout email address is not a valid email. Provided PayPal Payout Email address is ``
DATE: 02-05-2025 07:28:42
----

----
SOME ERROR: Unable to send payout (commission) to listing owner `User ID: (1)` because the PayPal Payout email address is not a valid email. Provided PayPal Payout Email address is ``
DATE: 03-05-2025 12:00:49
----

----
SOME ERROR: Unable to send payout (commission) to listing owner `User ID: (1)` because the PayPal Payout email address is not a valid email. Provided PayPal Payout Email address is ``
DATE: 04-05-2025 14:15:03
----

----
SOME ERROR: Unable to send payout (commission) to listing owner `User ID: (1)` because the PayPal Payout email address is not a valid email. Provided PayPal Payout Email address is ``
DATE: 04-05-2025 14:17:20
----

----
SOME ERROR: Unable to send payout (commission) to listing owner `User ID: (1)` because the PayPal Payout email address is not a valid email. Provided PayPal Payout Email address is ``
DATE: 04-05-2025 14:18:28
----

----
SOME ERROR: Unable to send payout (commission) to listing owner `User ID: (1)` because the PayPal Payout email address is not a valid email. Provided PayPal Payout Email address is ``
DATE: 09-05-2025 07:41:09
----

----
SOME ERROR: Unable to send payout (commission) to listing owner `User ID: (1)` because the PayPal Payout email address is not a valid email. Provided PayPal Payout Email address is ``
DATE: 09-05-2025 08:33:41
----

----
SOME ERROR: Unable to send payout (commission) to listing owner `User ID: (1)` because the PayPal Payout email address is not a valid email. Provided PayPal Payout Email address is ``
DATE: 12-05-2025 06:45:57
----

----
SOME ERROR: Unable to send payout (commission) to listing owner `User ID: (1)` because the PayPal Payout email address is not a valid email. Provided PayPal Payout Email address is ``
DATE: 12-05-2025 06:46:03
----

----
SOME ERROR: Unable to send payout (commission) to listing owner `User ID: (1)` because the PayPal Payout email address is not a valid email. Provided PayPal Payout Email address is ``
DATE: 12-05-2025 06:46:11
----

----
SOME ERROR: Unable to send payout (commission) to listing owner `User ID: (1)` because the PayPal Payout email address is not a valid email. Provided PayPal Payout Email address is ``
DATE: 12-05-2025 06:46:15
----

----
SOME ERROR: Unable to send payout (commission) to listing owner `User ID: (1)` because the PayPal Payout email address is not a valid email. Provided PayPal Payout Email address is ``
DATE: 19-05-2025 12:01:47
----

----
SOME ERROR: Unable to send payout (commission) to listing owner `User ID: (1)` because the PayPal Payout email address is not a valid email. Provided PayPal Payout Email address is ``
DATE: 26-05-2025 10:49:17
----

----
SOME ERROR: Unable to send payout (commission) to listing owner `User ID: (1)` because the PayPal Payout email address is not a valid email. Provided PayPal Payout Email address is ``
DATE: 26-05-2025 10:49:29
----

----
SOME ERROR: Unable to send payout (commission) to listing owner `User ID: (1)` because the PayPal Payout email address is not a valid email. Provided PayPal Payout Email address is ``
DATE: 26-05-2025 10:49:58
----

----
SOME ERROR: Unable to send payout (commission) to listing owner `User ID: (1)` because the PayPal Payout email address is not a valid email. Provided PayPal Payout Email address is ``
DATE: 02-06-2025 05:54:15
----

----
SOME ERROR: Unable to send payout (commission) to listing owner `User ID: (1)` because the PayPal Payout email address is not a valid email. Provided PayPal Payout Email address is ``
DATE: 02-06-2025 06:26:24
----

----
SOME ERROR: Unable to send payout (commission) to listing owner `User ID: (1)` because the PayPal Payout email address is not a valid email. Provided PayPal Payout Email address is ``
DATE: 02-06-2025 06:26:35
----

----
SOME ERROR: Unable to send payout (commission) to listing owner `User ID: (1)` because the PayPal Payout email address is not a valid email. Provided PayPal Payout Email address is ``
DATE: 11-06-2025 07:13:36
----

----
SOME ERROR: Unable to send payout (commission) to listing owner `User ID: (1)` because the PayPal Payout email address is not a valid email. Provided PayPal Payout Email address is ``
DATE: 16-06-2025 06:07:09
----

----
SOME ERROR: Unable to send payout (commission) to listing owner `User ID: (1)` because the PayPal Payout email address is not a valid email. Provided PayPal Payout Email address is ``
DATE: 16-06-2025 06:07:18
----

----
SOME ERROR: Unable to send payout (commission) to listing owner `User ID: (1)` because the PayPal Payout email address is not a valid email. Provided PayPal Payout Email address is ``
DATE: 17-06-2025 09:20:55
----

----
SOME ERROR: Unable to send payout (commission) to listing owner `User ID: (1)` because the PayPal Payout email address is not a valid email. Provided PayPal Payout Email address is ``
DATE: 30-06-2025 07:56:51
----

----
SOME ERROR: Unable to send payout (commission) to listing owner `User ID: (1)` because the PayPal Payout email address is not a valid email. Provided PayPal Payout Email address is ``
DATE: 01-07-2025 08:50:51
----

----
SOME ERROR: Unable to send payout (commission) to listing owner `User ID: (1)` because the PayPal Payout email address is not a valid email. Provided PayPal Payout Email address is ``
DATE: 07-07-2025 07:10:58
----

----
SOME ERROR: Unable to send payout (commission) to listing owner `User ID: (1)` because the PayPal Payout email address is not a valid email. Provided PayPal Payout Email address is ``
DATE: 07-07-2025 07:11:02
----

----
SOME ERROR: Unable to send payout (commission) to listing owner `User ID: (1)` because the PayPal Payout email address is not a valid email. Provided PayPal Payout Email address is ``
DATE: 07-07-2025 21:14:02
----

----
SOME ERROR: Unable to send payout (commission) to listing owner `User ID: (1)` because the PayPal Payout email address is not a valid email. Provided PayPal Payout Email address is ``
DATE: 10-07-2025 07:07:16
----

----
SOME ERROR: Unable to send payout (commission) to listing owner `User ID: (1)` because the PayPal Payout email address is not a valid email. Provided PayPal Payout Email address is ``
DATE: 10-07-2025 07:17:13
----

----
SOME ERROR: Unable to send payout (commission) to listing owner `User ID: (1)` because the PayPal Payout email address is not a valid email. Provided PayPal Payout Email address is ``
DATE: 15-07-2025 08:58:45
----

----
SOME ERROR: Unable to send payout (commission) to listing owner `User ID: (1)` because the PayPal Payout email address is not a valid email. Provided PayPal Payout Email address is ``
DATE: 16-07-2025 08:26:22
----

----
SOME ERROR: Unable to send payout (commission) to listing owner `User ID: (1)` because the PayPal Payout email address is not a valid email. Provided PayPal Payout Email address is ``
DATE: 19-07-2025 11:36:58
----

----
SOME ERROR: Unable to send payout (commission) to listing owner `User ID: (1)` because the PayPal Payout email address is not a valid email. Provided PayPal Payout Email address is ``
DATE: 21-07-2025 07:52:00
----

----
SOME ERROR: Unable to send payout (commission) to listing owner `User ID: (1)` because the PayPal Payout email address is not a valid email. Provided PayPal Payout Email address is ``
DATE: 24-07-2025 10:20:35
----

----
SOME ERROR: Unable to send payout (commission) to listing owner `User ID: (1)` because the PayPal Payout email address is not a valid email. Provided PayPal Payout Email address is ``
DATE: 24-07-2025 13:44:49
----

----
SOME ERROR: Unable to send payout (commission) to listing owner `User ID: (1)` because the PayPal Payout email address is not a valid email. Provided PayPal Payout Email address is ``
DATE: 28-07-2025 07:34:56
----

----
SOME ERROR: Unable to send payout (commission) to listing owner `User ID: (1)` because the PayPal Payout email address is not a valid email. Provided PayPal Payout Email address is ``
DATE: 28-07-2025 07:35:07
----

----
SOME ERROR: Unable to send payout (commission) to listing owner `User ID: (1)` because the PayPal Payout email address is not a valid email. Provided PayPal Payout Email address is ``
DATE: 28-07-2025 07:35:23
----

----
SOME ERROR: Unable to send payout (commission) to listing owner `User ID: (1)` because the PayPal Payout email address is not a valid email. Provided PayPal Payout Email address is ``
DATE: 30-07-2025 11:09:45
----

----
SOME ERROR: Unable to send payout (commission) to listing owner `User ID: (1)` because the PayPal Payout email address is not a valid email. Provided PayPal Payout Email address is ``
DATE: 01-08-2025 08:08:05
----

----
SOME ERROR: Unable to send payout (commission) to listing owner `User ID: (1)` because the PayPal Payout email address is not a valid email. Provided PayPal Payout Email address is ``
DATE: 02-08-2025 09:40:42
----

----
SOME ERROR: Unable to send payout (commission) to listing owner `User ID: (1)` because the PayPal Payout email address is not a valid email. Provided PayPal Payout Email address is ``
DATE: 03-08-2025 20:19:56
----

----
SOME ERROR: Unable to send payout (commission) to listing owner `User ID: (1)` because the PayPal Payout email address is not a valid email. Provided PayPal Payout Email address is ``
DATE: 08-08-2025 08:13:50
----

----
SOME ERROR: Unable to send payout (commission) to listing owner `User ID: (1)` because the PayPal Payout email address is not a valid email. Provided PayPal Payout Email address is ``
DATE: 11-08-2025 09:14:10
----

----
SOME ERROR: Unable to send payout (commission) to listing owner `User ID: (1)` because the PayPal Payout email address is not a valid email. Provided PayPal Payout Email address is ``
DATE: 11-08-2025 09:28:07
----

----
SOME ERROR: Unable to send payout (commission) to listing owner `User ID: (1)` because the PayPal Payout email address is not a valid email. Provided PayPal Payout Email address is ``
DATE: 11-08-2025 09:28:16
----

----
SOME ERROR: Unable to send payout (commission) to listing owner `User ID: (1)` because the PayPal Payout email address is not a valid email. Provided PayPal Payout Email address is ``
DATE: 18-08-2025 13:21:30
----

----
SOME ERROR: Unable to send payout (commission) to listing owner `User ID: (1)` because the PayPal Payout email address is not a valid email. Provided PayPal Payout Email address is ``
DATE: 18-08-2025 13:23:12
----

----
SOME ERROR: Unable to send payout (commission) to listing owner `User ID: (1)` because the PayPal Payout email address is not a valid email. Provided PayPal Payout Email address is ``
DATE: 27-08-2025 06:55:38
----

----
SOME ERROR: Unable to send payout (commission) to listing owner `User ID: (1)` because the PayPal Payout email address is not a valid email. Provided PayPal Payout Email address is ``
DATE: 27-08-2025 06:55:46
----

----
SOME ERROR: Unable to send payout (commission) to listing owner `User ID: (1)` because the PayPal Payout email address is not a valid email. Provided PayPal Payout Email address is ``
DATE: 27-08-2025 07:05:48
----

----
SOME ERROR: Unable to send payout (commission) to listing owner `User ID: (1)` because the PayPal Payout email address is not a valid email. Provided PayPal Payout Email address is ``
DATE: 28-08-2025 06:37:30
----

----
SOME ERROR: Unable to send payout (commission) to listing owner `User ID: (1)` because the PayPal Payout email address is not a valid email. Provided PayPal Payout Email address is ``
DATE: 28-08-2025 06:37:39
----

----
SOME ERROR: Unable to send payout (commission) to listing owner `User ID: (1)` because the PayPal Payout email address is not a valid email. Provided PayPal Payout Email address is ``
DATE: 01-09-2025 09:55:40
----

----
SOME ERROR: Unable to send payout (commission) to listing owner `User ID: (1)` because the PayPal Payout email address is not a valid email. Provided PayPal Payout Email address is ``
DATE: 01-09-2025 14:32:58
----

----
SOME ERROR: Unable to send payout (commission) to listing owner `User ID: (1)` because the PayPal Payout email address is not a valid email. Provided PayPal Payout Email address is ``
DATE: 01-09-2025 14:34:09
----

----
SOME ERROR: Unable to send payout (commission) to listing owner `User ID: (1)` because the PayPal Payout email address is not a valid email. Provided PayPal Payout Email address is ``
DATE: 02-09-2025 06:51:17
----

----
SOME ERROR: Unable to send payout (commission) to listing owner `User ID: (1)` because the PayPal Payout email address is not a valid email. Provided PayPal Payout Email address is ``
DATE: 02-09-2025 08:03:17
----

----
SOME ERROR: Unable to send payout (commission) to listing owner `User ID: (1)` because the PayPal Payout email address is not a valid email. Provided PayPal Payout Email address is ``
DATE: 02-09-2025 10:43:03
----

----
SOME ERROR: Unable to send payout (commission) to listing owner `User ID: (550)` because the PayPal Payout email address is not a valid email. Provided PayPal Payout Email address is ``
DATE: 02-09-2025 12:59:13
----

----
SOME ERROR: Unable to send payout (commission) to listing owner `User ID: (1)` because the PayPal Payout email address is not a valid email. Provided PayPal Payout Email address is ``
DATE: 03-09-2025 20:36:14
----

----
SOME ERROR: Unable to send payout (commission) to listing owner `User ID: (1)` because the PayPal Payout email address is not a valid email. Provided PayPal Payout Email address is ``
DATE: 04-09-2025 04:13:11
----

----
SOME ERROR: Unable to send payout (commission) to listing owner `User ID: (1)` because the PayPal Payout email address is not a valid email. Provided PayPal Payout Email address is ``
DATE: 06-09-2025 13:42:35
----

----
SOME ERROR: Unable to send payout (commission) to listing owner `User ID: (550)` because the PayPal Payout email address is not a valid email. Provided PayPal Payout Email address is ``
DATE: 07-09-2025 19:01:12
----

----
SOME ERROR: Unable to send payout (commission) to listing owner `User ID: (1)` because the PayPal Payout email address is not a valid email. Provided PayPal Payout Email address is ``
DATE: 12-09-2025 06:33:50
----

----
SOME ERROR: Unable to send payout (commission) to listing owner `User ID: (1)` because the PayPal Payout email address is not a valid email. Provided PayPal Payout Email address is ``
DATE: 12-09-2025 06:40:08
----

----
SOME ERROR: Unable to send payout (commission) to listing owner `User ID: (1)` because the PayPal Payout email address is not a valid email. Provided PayPal Payout Email address is ``
DATE: 14-09-2025 14:50:38
----

----
SOME ERROR: Unable to send payout (commission) to listing owner `User ID: (550)` because the PayPal Payout email address is not a valid email. Provided PayPal Payout Email address is ``
DATE: 15-09-2025 09:18:36
----

----
SOME ERROR: Unable to send payout (commission) to listing owner `User ID: (1)` because the PayPal Payout email address is not a valid email. Provided PayPal Payout Email address is ``
DATE: 18-09-2025 13:21:40
----

----
SOME ERROR: Unable to send payout (commission) to listing owner `User ID: (1)` because the PayPal Payout email address is not a valid email. Provided PayPal Payout Email address is ``
DATE: 18-09-2025 13:32:18
----

----
SOME ERROR: Unable to send payout (commission) to listing owner `User ID: (1)` because the PayPal Payout email address is not a valid email. Provided PayPal Payout Email address is ``
DATE: 18-09-2025 13:44:12
----

----
SOME ERROR: Unable to send payout (commission) to listing owner `User ID: (1)` because the PayPal Payout email address is not a valid email. Provided PayPal Payout Email address is ``
DATE: 19-09-2025 13:03:16
----

----
SOME ERROR: Unable to send payout (commission) to listing owner `User ID: (1)` because the PayPal Payout email address is not a valid email. Provided PayPal Payout Email address is ``
DATE: 19-09-2025 13:40:50
----

----
SOME ERROR: Unable to send payout (commission) to listing owner `User ID: (1)` because the PayPal Payout email address is not a valid email. Provided PayPal Payout Email address is ``
DATE: 26-09-2025 15:15:53
----

----
SOME ERROR: Unable to send payout (commission) to listing owner `User ID: (550)` because the PayPal Payout email address is not a valid email. Provided PayPal Payout Email address is ``
DATE: 28-09-2025 07:23:09
----

----
SOME ERROR: Unable to send payout (commission) to listing owner `User ID: (1)` because the PayPal Payout email address is not a valid email. Provided PayPal Payout Email address is ``
DATE: 30-09-2025 11:34:26
----

----
SOME ERROR: Unable to send payout (commission) to listing owner `User ID: (1)` because the PayPal Payout email address is not a valid email. Provided PayPal Payout Email address is ``
DATE: 01-10-2025 13:28:47
----

----
SOME ERROR: Unable to send payout (commission) to listing owner `User ID: (1)` because the PayPal Payout email address is not a valid email. Provided PayPal Payout Email address is ``
DATE: 02-10-2025 08:47:08
----

----
SOME ERROR: Unable to send payout (commission) to listing owner `User ID: (1)` because the PayPal Payout email address is not a valid email. Provided PayPal Payout Email address is ``
DATE: 03-10-2025 17:15:29
----

----
SOME ERROR: Unable to send payout (commission) to listing owner `User ID: (1)` because the PayPal Payout email address is not a valid email. Provided PayPal Payout Email address is ``
DATE: 06-10-2025 17:51:07
----

----
SOME ERROR: Unable to send payout (commission) to listing owner `User ID: (550)` because the PayPal Payout email address is not a valid email. Provided PayPal Payout Email address is ``
DATE: 08-10-2025 17:03:57
----

----
SOME ERROR: Unable to send payout (commission) to listing owner `User ID: (1)` because the PayPal Payout email address is not a valid email. Provided PayPal Payout Email address is ``
DATE: 12-10-2025 14:24:33
----

----
SOME ERROR: Unable to send payout (commission) to listing owner `User ID: (1)` because the PayPal Payout email address is not a valid email. Provided PayPal Payout Email address is ``
DATE: 13-10-2025 07:34:05
----

----
SOME ERROR: Unable to send payout (commission) to listing owner `User ID: (1)` because the PayPal Payout email address is not a valid email. Provided PayPal Payout Email address is ``
DATE: 24-10-2025 10:46:11
----

----
SOME ERROR: Unable to send payout (commission) to listing owner `User ID: (1)` because the PayPal Payout email address is not a valid email. Provided PayPal Payout Email address is ``
DATE: 24-10-2025 12:05:34
----

----
SOME ERROR: Unable to send payout (commission) to listing owner `User ID: (1)` because the PayPal Payout email address is not a valid email. Provided PayPal Payout Email address is ``
DATE: 29-10-2025 17:03:40
----

----
SOME ERROR: Unable to send payout (commission) to listing owner `User ID: (550)` because the PayPal Payout email address is not a valid email. Provided PayPal Payout Email address is ``
DATE: 31-10-2025 12:49:56
----

----
SOME ERROR: Unable to send payout (commission) to listing owner `User ID: (550)` because the PayPal Payout email address is not a valid email. Provided PayPal Payout Email address is ``
DATE: 01-11-2025 14:35:02
----

----
SOME ERROR: Unable to send payout (commission) to listing owner `User ID: (1)` because the PayPal Payout email address is not a valid email. Provided PayPal Payout Email address is ``
DATE: 02-11-2025 01:05:51
----

----
SOME ERROR: Unable to send payout (commission) to listing owner `User ID: (550)` because the PayPal Payout email address is not a valid email. Provided PayPal Payout Email address is ``
DATE: 03-11-2025 13:03:20
----

----
SOME ERROR: Unable to send payout (commission) to listing owner `User ID: (1)` because the PayPal Payout email address is not a valid email. Provided PayPal Payout Email address is ``
DATE: 05-11-2025 11:25:11
----

----
SOME ERROR: Unable to send payout (commission) to listing owner `User ID: (1)` because the PayPal Payout email address is not a valid email. Provided PayPal Payout Email address is ``
DATE: 05-11-2025 11:31:47
----

----
SOME ERROR: Unable to send payout (commission) to listing owner `User ID: (1)` because the PayPal Payout email address is not a valid email. Provided PayPal Payout Email address is ``
DATE: 05-11-2025 11:56:40
----

----
SOME ERROR: Unable to send payout (commission) to listing owner `User ID: (1)` because the PayPal Payout email address is not a valid email. Provided PayPal Payout Email address is ``
DATE: 11-11-2025 11:03:11
----

----
SOME ERROR: Unable to send payout (commission) to listing owner `User ID: (1)` because the PayPal Payout email address is not a valid email. Provided PayPal Payout Email address is ``
DATE: 11-11-2025 21:46:09
----

----
SOME ERROR: Unable to send payout (commission) to listing owner `User ID: (550)` because the PayPal Payout email address is not a valid email. Provided PayPal Payout Email address is ``
DATE: 12-11-2025 12:45:18
----

----
SOME ERROR: Unable to send payout (commission) to listing owner `User ID: (1)` because the PayPal Payout email address is not a valid email. Provided PayPal Payout Email address is ``
DATE: 13-11-2025 21:24:46
----

----
SOME ERROR: Unable to send payout (commission) to listing owner `User ID: (1)` because the PayPal Payout email address is not a valid email. Provided PayPal Payout Email address is ``
DATE: 23-11-2025 13:10:02
----

----
SOME ERROR: Unable to send payout (commission) to listing owner `User ID: (1)` because the PayPal Payout email address is not a valid email. Provided PayPal Payout Email address is ``
DATE: 23-11-2025 13:13:59
----

----
SOME ERROR: Unable to send payout (commission) to listing owner `User ID: (1)` because the PayPal Payout email address is not a valid email. Provided PayPal Payout Email address is ``
DATE: 27-11-2025 13:28:52
----

----
SOME ERROR: Unable to send payout (commission) to listing owner `User ID: (1)` because the PayPal Payout email address is not a valid email. Provided PayPal Payout Email address is ``
DATE: 29-11-2025 18:04:08
----

----
SOME ERROR: Unable to send payout (commission) to listing owner `User ID: (1)` because the PayPal Payout email address is not a valid email. Provided PayPal Payout Email address is ``
DATE: 02-12-2025 18:41:24
----

----
SOME ERROR: Unable to send payout (commission) to listing owner `User ID: (1)` because the PayPal Payout email address is not a valid email. Provided PayPal Payout Email address is ``
DATE: 05-12-2025 12:17:31
----

----
SOME ERROR: Unable to send payout (commission) to listing owner `User ID: (1)` because the PayPal Payout email address is not a valid email. Provided PayPal Payout Email address is ``
DATE: 17-12-2025 19:07:45
----

----
SOME ERROR: Unable to send payout (commission) to listing owner `User ID: (550)` because the PayPal Payout email address is not a valid email. Provided PayPal Payout Email address is ``
DATE: 19-12-2025 20:29:46
----

----
SOME ERROR: Unable to send payout (commission) to listing owner `User ID: (1)` because the PayPal Payout email address is not a valid email. Provided PayPal Payout Email address is ``
DATE: 27-12-2025 12:07:04
----
